<?xml version="1.0" encoding="UTF-8"?>
<!-- Generated by org.testng.reporters.JUnitReportReporter -->
<testsuite hostname="DESKTOP-8CAP79E" failures="0" tests="1" name="com.tests.basictest" time="5.142" errors="0" timestamp="2022-11-20T20:53:57 IST" skipped="0">
  <testcase classname="com.tests.basictest" name="firstest" time="5.142"/>
  <system-out/>
</testsuite> <!-- com.tests.basictest -->
